Base path: C:/Program Files/Unity/Editor/Data
<<<<<<< HEAD
Pipe name: \\.\pipe\UnityShaderCompiler-32bit-1-7020
=======
<<<<<<< HEAD
Pipe name: \\.\pipe\UnityShaderCompiler-32bit-1-5860
=======
<<<<<<< HEAD
Pipe name: \\.\pipe\UnityShaderCompiler-32bit-1-6168
=======
<<<<<<< HEAD
Pipe name: \\.\pipe\UnityShaderCompiler-32bit-1-1332
>>>>>>> 1b9270447642adda666c723648e6098531c88141
>>>>>>> d2f09d1e0a632a9c536cc599c06572e68b65673f
>>>>>>> 7b96ceb962d88bca7ede30535adaaa2572e2620e
Cmd: getPlatforms
Unhandled exception: Readfile from pipe failed. GLE=O pipe foi finalizado.


Quitting shader compiler process

Crashed!
<<<<<<< HEAD
=======
<<<<<<< HEAD
=======
<<<<<<< HEAD
=======
=======
<<<<<<< HEAD
Pipe name: \\.\pipe\UnityShaderCompiler-32bit-1-8980
=======
Pipe name: \\.\pipe\UnityShaderCompiler-32bit-1-5900
>>>>>>> d2c1a7ce7af471b5bacf06c18635fd2cb53bd8e8
Cmd: getPlatforms
>>>>>>> e5002d468f3727f942c85f031b56164a69a17e3b
>>>>>>> 1b9270447642adda666c723648e6098531c88141
>>>>>>> d2f09d1e0a632a9c536cc599c06572e68b65673f
>>>>>>> 7b96ceb962d88bca7ede30535adaaa2572e2620e
